smartMath/build/intermediates/manifest_merge_blame_file/release/manifest-merger-blame-release-report.txt
1<?xml version="1.0" encoding="utf-8"?>
2<manifest xmlns:android="http://schemas.android.com/apk/res/android"
3    package="com.cyzapps.SmartMath"
4    android:installLocation="auto"
5    android:versionCode="19"
6    android:versionName="1.6.5.19" >
7
8    <uses-sdk
9        android:minSdkVersion="14"
9-->src\main\AndroidManifest.xml
10        android:targetSdkVersion="28" />
10-->src\main\AndroidManifest.xml
11
12    <uses-permission android:name="android.permission.VIBRATE" />
12-->src\main\AndroidManifest.xml:9:5-66
12-->src\main\AndroidManifest.xml:9:22-63
13    <uses-permission android:name="android.permission.INTERNET" />
13-->src\main\AndroidManifest.xml:10:5-67
13-->src\main\AndroidManifest.xml:10:22-64
14    <uses-permission android:name="android.permission.ACCESS_NETWORK_STATE" />
14-->src\main\AndroidManifest.xml:11:5-79
14-->src\main\AndroidManifest.xml:11:22-76
15    <uses-permission android:name="android.permission.WRITE_EXTERNAL_STORAGE" />
15-->src\main\AndroidManifest.xml:12:5-81
15-->src\main\AndroidManifest.xml:12:22-78
16    <uses-permission android:name="android.permission.CAMERA" />
16-->src\main\AndroidManifest.xml:13:5-65
16-->src\main\AndroidManifest.xml:13:22-62
17    <uses-permission android:name="android.permission.FLASHLIGHT" />
17-->src\main\AndroidManifest.xml:14:2-65
17-->src\main\AndroidManifest.xml:14:19-63
18    <uses-permission android:name="android.permission.READ_PHONE_STATE" /> <!-- for adwo and baidu ads -->
18-->src\main\AndroidManifest.xml:15:5-75
18-->src\main\AndroidManifest.xml:15:22-72
19    <uses-permission android:name="android.permission.ACCESS_COARSE_LOCATION" /> <!-- for baidu ads -->
19-->src\main\AndroidManifest.xml:16:5-81
19-->src\main\AndroidManifest.xml:16:22-78
20    <uses-permission android:name="android.permission.ACCESS_WIFI_STATE" /> <!-- for baidu ads -->
20-->src\main\AndroidManifest.xml:17:5-76
20-->src\main\AndroidManifest.xml:17:22-73
21    <uses-feature
21-->src\main\AndroidManifest.xml:18:2-82
22        android:name="android.hardware.camera"
22-->src\main\AndroidManifest.xml:18:16-54
23        android:required="false" />
23-->src\main\AndroidManifest.xml:18:55-79
24    <uses-feature
24-->src\main\AndroidManifest.xml:19:5-95
25        android:name="android.hardware.camera.autofocus"
25-->src\main\AndroidManifest.xml:19:19-67
26        android:required="false" />
26-->src\main\AndroidManifest.xml:19:68-92
27    <uses-feature
27-->src\main\AndroidManifest.xml:20:5-91
28        android:name="android.hardware.camera.flash"
28-->src\main\AndroidManifest.xml:20:19-63
29        android:required="false" />
29-->src\main\AndroidManifest.xml:20:64-88
30
31    <supports-screens
31-->src\main\AndroidManifest.xml:22:5-24:37
32        android:anyDensity="true"
32-->src\main\AndroidManifest.xml:23:9-34
33        android:resizeable="true" />
33-->src\main\AndroidManifest.xml:24:9-34
34
35    <application
35-->src\main\AndroidManifest.xml:26:5-129:19
36        android:name="com.cyzapps.SmartMath.AppSmartMath"
36-->src\main\AndroidManifest.xml:27:9-37
37        android:appComponentFactory="android.support.v4.app.CoreComponentFactory"
37-->[com.android.support:support-compat:28.0.0] AndroidManifest.xml:22:18-91
38        android:icon="@drawable/icon"
38-->src\main\AndroidManifest.xml:28:9-38
39        android:label="@string/app_name" >
39-->src\main\AndroidManifest.xml:29:9-41
40        <meta-data
40-->src\main\AndroidManifest.xml:30:9-92
41            android:name="com.google.android.gms.version"
41-->src\main\AndroidManifest.xml:30:20-65
42            android:value="9452000" />
42-->src\main\AndroidManifest.xml:30:66-89
43
44        <activity
44-->src\main\AndroidManifest.xml:31:9-40:20
45            android:name="com.cyzapps.SmartMath.ActivitySmartCalc"
45-->src\main\AndroidManifest.xml:32:13-45
46            android:label="@string/title_activity_activity_smart_calc"
46-->src\main\AndroidManifest.xml:33:13-71
47            android:windowSoftInputMode="adjustPan|stateUnchanged" >
47-->src\main\AndroidManifest.xml:34:13-67
48            <intent-filter>
48-->src\main\AndroidManifest.xml:35:13-39:29
49                <action android:name="android.intent.action.MAIN" />
49-->src\main\AndroidManifest.xml:36:17-69
49-->src\main\AndroidManifest.xml:36:25-66
50
51                <category android:name="android.intent.category.LAUNCHER" />
51-->src\main\AndroidManifest.xml:38:17-77
51-->src\main\AndroidManifest.xml:38:27-74
52            </intent-filter>
53        </activity>
54        <activity
54-->src\main\AndroidManifest.xml:41:3-44:65
55            android:name="com.cyzapps.SmartMath.ActivityQuickRecog"
55-->src\main\AndroidManifest.xml:41:13-47
56            android:configChanges="keyboardHidden|orientation|screenSize"
56-->src\main\AndroidManifest.xml:42:7-68
57            android:screenOrientation="landscape" />
57-->src\main\AndroidManifest.xml:43:7-44
58        <activity
58-->src\main\AndroidManifest.xml:45:9-57:20
59            android:name="com.cyzapps.SmartMath.ActivityFingerPaint"
59-->src\main\AndroidManifest.xml:46:13-47
60            android:configChanges="orientation|keyboardHidden|screenSize"
60-->src\main\AndroidManifest.xml:47:13-74
61            android:label="@string/app_name"
61-->src\main\AndroidManifest.xml:48:13-45
62            android:screenOrientation="landscape"
62-->src\main\AndroidManifest.xml:50:13-50
63            android:windowSoftInputMode="adjustPan|stateUnchanged" >
63-->src\main\AndroidManifest.xml:49:13-67
64
65            <!--
66            intent-filter>
67                <action android:name="android.intent.action.MAIN" />
68
69                <category android:name="android.intent.category.LAUNCHER" />
70            </intent-filter
71            -->
72        </activity>
73        <activity
73-->src\main\AndroidManifest.xml:58:9-60:78
74            android:name="com.cyzapps.SmartMath.ActivityCalcAssistant"
74-->src\main\AndroidManifest.xml:58:19-56
75            android:configChanges="orientation|keyboardHidden|screenSize"
75-->src\main\AndroidManifest.xml:60:5-66
76            android:theme="@android:style/Theme.Dialog" />
76-->src\main\AndroidManifest.xml:59:8-51
77        <activity
77-->src\main\AndroidManifest.xml:61:3-62:78
78            android:name="com.cyzapps.SmartMath.ActivityReadConstants"
78-->src\main\AndroidManifest.xml:61:13-50
79            android:configChanges="orientation|keyboardHidden|screenSize" />
79-->src\main\AndroidManifest.xml:62:5-66
80        <activity
80-->src\main\AndroidManifest.xml:63:3-64:78
81            android:name="com.cyzapps.SmartMath.ActivityCvtUnit"
81-->src\main\AndroidManifest.xml:63:13-44
82            android:configChanges="orientation|keyboardHidden|screenSize" />
82-->src\main\AndroidManifest.xml:64:5-66
83        <activity
83-->src\main\AndroidManifest.xml:65:3-66:71
84            android:name="com.cyzapps.SmartMath.ActivityCfgKeyPad"
84-->src\main\AndroidManifest.xml:65:13-46
85            android:windowSoftInputMode="adjustPan|stateUnchanged" />
85-->src\main\AndroidManifest.xml:66:5-59
86        <activity
86-->src\main\AndroidManifest.xml:67:9-69:78
87            android:name="com.cyzapps.SmartMath.ActivityPlotXYGraph"
87-->src\main\AndroidManifest.xml:67:19-54
88            android:configChanges="orientation|keyboardHidden|screenSize"
88-->src\main\AndroidManifest.xml:69:5-66
89            android:windowSoftInputMode="adjustPan|stateUnchanged" />
89-->src\main\AndroidManifest.xml:68:14-68
90        <activity
90-->src\main\AndroidManifest.xml:70:9-72:78
91            android:name="com.cyzapps.SmartMath.ActivityPlotPolarGraph"
91-->src\main\AndroidManifest.xml:70:19-57
92            android:configChanges="orientation|keyboardHidden|screenSize"
92-->src\main\AndroidManifest.xml:72:5-66
93            android:windowSoftInputMode="adjustPan|stateUnchanged" />
93-->src\main\AndroidManifest.xml:71:14-68
94        <activity
94-->src\main\AndroidManifest.xml:73:9-75:78
95            android:name="com.cyzapps.SmartMath.ActivityPlotXYZGraph"
95-->src\main\AndroidManifest.xml:73:19-55
96            android:configChanges="orientation|keyboardHidden|screenSize"
96-->src\main\AndroidManifest.xml:75:5-66
97            android:windowSoftInputMode="adjustPan|stateUnchanged" />
97-->src\main\AndroidManifest.xml:74:14-68
98        <activity
98-->src\main\AndroidManifest.xml:76:9-78:78
99            android:name="com.cyzapps.SmartMath.ActivityIntegrate"
99-->src\main\AndroidManifest.xml:76:19-52
100            android:configChanges="orientation|keyboardHidden|screenSize"
100-->src\main\AndroidManifest.xml:78:5-66
101            android:windowSoftInputMode="adjustPan|stateUnchanged" />
101-->src\main\AndroidManifest.xml:77:14-68
102        <activity
102-->src\main\AndroidManifest.xml:79:3-81:60
103            android:name="com.cyzapps.SmartMath.ActivitySettings"
103-->src\main\AndroidManifest.xml:79:13-45
104            android:configChanges="orientation|keyboardHidden|screenSize"
104-->src\main\AndroidManifest.xml:80:5-66
105            android:theme="@android:style/Theme.Dialog" />
105-->src\main\AndroidManifest.xml:81:5-48
106        <activity
106-->src\main\AndroidManifest.xml:82:3-83:78
107            android:name="com.cyzapps.SmartMath.ActivitySmCRecord"
107-->src\main\AndroidManifest.xml:82:13-46
108            android:configChanges="orientation|keyboardHidden|screenSize" />
108-->src\main\AndroidManifest.xml:83:5-66
109        <activity
109-->src\main\AndroidManifest.xml:84:3-85:78
110            android:name="com.cyzapps.SmartMath.ActivityTutorialBox"
110-->src\main\AndroidManifest.xml:84:13-48
111            android:configChanges="orientation|keyboardHidden|screenSize" />
111-->src\main\AndroidManifest.xml:85:5-66
112        <activity
112-->src\main\AndroidManifest.xml:86:3-87:78
113            android:name="com.cyzapps.SmartMath.ActivityShowHelp"
113-->src\main\AndroidManifest.xml:86:13-45
114            android:configChanges="orientation|keyboardHidden|screenSize" />
114-->src\main\AndroidManifest.xml:87:5-66
115        <activity
115-->src\main\AndroidManifest.xml:88:3-89:78
116            android:name="com.cyzapps.GraphDemon.ActivityChartDemon"
116-->src\main\AndroidManifest.xml:88:13-69
117            android:configChanges="orientation|keyboardHidden|screenSize" />
117-->src\main\AndroidManifest.xml:89:5-66
118        <activity
118-->src\main\AndroidManifest.xml:90:9-92:78
119            android:name="com.cyzapps.GraphDemon.ActivityConfig2DExprGraph"
119-->src\main\AndroidManifest.xml:90:19-82
120            android:configChanges="orientation|keyboardHidden|screenSize"
120-->src\main\AndroidManifest.xml:92:5-66
121            android:theme="@android:style/Theme.Dialog" />
121-->src\main\AndroidManifest.xml:91:8-51
122        <activity
122-->src\main\AndroidManifest.xml:93:3-95:78
123            android:name="com.cyzapps.GraphDemon.ActivityConfigPolarExprGraph"
123-->src\main\AndroidManifest.xml:93:13-79
124            android:configChanges="orientation|keyboardHidden|screenSize"
124-->src\main\AndroidManifest.xml:95:5-66
125            android:theme="@android:style/Theme.Dialog" />
125-->src\main\AndroidManifest.xml:94:8-51
126        <activity
126-->src\main\AndroidManifest.xml:96:3-98:78
127            android:name="com.cyzapps.GraphDemon.ActivityConfigXYZGraph"
127-->src\main\AndroidManifest.xml:96:13-73
128            android:configChanges="orientation|keyboardHidden|screenSize"
128-->src\main\AndroidManifest.xml:98:5-66
129            android:theme="@android:style/Theme.Dialog" />
129-->src\main\AndroidManifest.xml:97:8-51
130        <activity
130-->src\main\AndroidManifest.xml:99:9-101:78
131            android:name="com.cyzapps.GraphDemon.ActivityConfig3DExprGraph"
131-->src\main\AndroidManifest.xml:99:19-82
132            android:configChanges="orientation|keyboardHidden|screenSize"
132-->src\main\AndroidManifest.xml:101:5-66
133            android:theme="@android:style/Theme.Dialog" />
133-->src\main\AndroidManifest.xml:100:8-51
134        <activity
134-->src\main\AndroidManifest.xml:102:9-103:78
135            android:name="com.cyzapps.MFPFileManager.MFPFileManagerActivity"
135-->src\main\AndroidManifest.xml:102:19-83
136            android:configChanges="orientation|keyboardHidden|screenSize" />
136-->src\main\AndroidManifest.xml:103:5-66
137        <activity
137-->src\main\AndroidManifest.xml:104:3-106:71
138            android:name="com.cyzapps.MFPFileManager.ScriptEditorActivity"
138-->src\main\AndroidManifest.xml:104:13-75
139            android:configChanges="orientation|keyboardHidden|screenSize"
139-->src\main\AndroidManifest.xml:105:5-66
140            android:windowSoftInputMode="adjustPan|stateUnchanged" />
140-->src\main\AndroidManifest.xml:106:5-59
141
142        <receiver
142-->src\main\AndroidManifest.xml:108:9-121:20
143            android:name="com.cyzapps.adapter.StorageActionReceiver"
143-->src\main\AndroidManifest.xml:109:13-69
144            android:enabled="true"
144-->src\main\AndroidManifest.xml:110:13-35
145            android:exported="true" >
145-->src\main\AndroidManifest.xml:111:13-36
146            <intent-filter>
146-->src\main\AndroidManifest.xml:112:13-120:29
147                <action android:name="android.intent.action.MEDIA_MOUNTED" />
147-->src\main\AndroidManifest.xml:113:17-78
147-->src\main\AndroidManifest.xml:113:25-75
148                <action android:name="android.intent.action.MEDIA_UNMOUNTED" />
148-->src\main\AndroidManifest.xml:114:17-80
148-->src\main\AndroidManifest.xml:114:25-77
149                <action android:name="android.intent.action.MEDIA_EJECT" />
149-->src\main\AndroidManifest.xml:115:17-76
149-->src\main\AndroidManifest.xml:115:25-73
150                <action android:name="android.intent.action.MEDIA_BAD_REMOVAL" />
150-->src\main\AndroidManifest.xml:116:17-82
150-->src\main\AndroidManifest.xml:116:25-79
151                <action android:name="android.intent.action.MEDIA_CHECKING" />
151-->src\main\AndroidManifest.xml:117:17-79
151-->src\main\AndroidManifest.xml:117:25-76
152
153                <data android:scheme="file" />
153-->src\main\AndroidManifest.xml:119:17-47
153-->src\main\AndroidManifest.xml:119:23-44
154            </intent-filter>
155        </receiver>
156
157        <provider
158            android:name="android.support.v4.content.FileProvider"
158-->src\main\AndroidManifest.xml:122:19-73
159            android:authorities="com.cyzapps.SmartMath.provider"
159-->src\main\AndroidManifest.xml:123:13-60
160            android:exported="false"
160-->src\main\AndroidManifest.xml:124:13-37
161            android:grantUriPermissions="true" >
161-->src\main\AndroidManifest.xml:125:13-47
162            <meta-data
162-->src\main\AndroidManifest.xml:126:13-127:58
163                android:name="android.support.FILE_PROVIDER_PATHS"
163-->src\main\AndroidManifest.xml:126:24-74
164                android:resource="@xml/provider_paths" />
164-->src\main\AndroidManifest.xml:127:17-55
165        </provider>
166    </application>
167
168</manifest>